Build Started at: Mon Oct 13 04:59:51 2025
Building: 1.3.1
Build Completed at: Mon Oct 13 05:01:58 2025
Build Started at: Mon Oct 13 05:01:58 2025
Building: 1.3.2
Build Completed at: Mon Oct 13 05:03:24 2025
Build Started at: Mon Oct 13 05:03:24 2025
Building: 1.3.3
Build Completed at: Mon Oct 13 05:04:53 2025
Build Started at: Mon Oct 13 05:04:53 2025
Building: 1.3.4
Build Completed at: Mon Oct 13 05:06:32 2025
Build Started at: Mon Oct 13 05:06:32 2025
Building: 1.3.5
Build Completed at: Mon Oct 13 05:08:14 2025
Build Started at: Mon Oct 13 05:08:14 2025
Building: 1.3.6
Build Completed at: Mon Oct 13 05:09:42 2025
Build Started at: Mon Oct 13 05:09:42 2025
Building: 1.3.7
Build Completed at: Mon Oct 13 05:11:17 2025
Build Started at: Mon Oct 13 05:11:17 2025
Building: 2.0.1
Build Completed at: Mon Oct 13 05:12:45 2025
Build Started at: Mon Oct 13 05:12:45 2025
Building: 2.0.3
Build Completed at: Mon Oct 13 05:14:16 2025
Build Started at: Mon Oct 13 05:14:16 2025
Building: 2.0.4
Build Completed at: Mon Oct 13 05:15:46 2025
Build Started at: Mon Oct 13 05:15:46 2025
Building: 2.0.5
Build Completed at: Mon Oct 13 05:17:16 2025
Build Started at: Mon Oct 13 05:17:16 2025
Building: 2.0.6
Build Completed at: Mon Oct 13 05:18:46 2025
Build Started at: Mon Oct 13 05:18:46 2025
Building: 2.0.7
Build Completed at: Mon Oct 13 05:20:30 2025
Build Started at: Mon Oct 13 05:20:30 2025
Building: 2.0.8
Build Completed at: Mon Oct 13 05:22:01 2025
Build Started at: Mon Oct 13 05:22:01 2025
Building: 2.0.9
Build Completed at: Mon Oct 13 05:24:20 2025
Build Started at: Mon Oct 13 05:24:20 2025
Building: 2.0.10
Build Completed at: Mon Oct 13 05:25:44 2025
Build Started at: Mon Oct 13 05:25:44 2025
Building: 2.0.11
Build Completed at: Mon Oct 13 05:27:15 2025
Build Started at: Mon Oct 13 05:27:15 2025
Building: 2.0.12
Build Completed at: Mon Oct 13 05:28:50 2025
Build Started at: Mon Oct 13 05:28:50 2025
Building: 2.0.13
Build Completed at: Mon Oct 13 05:30:22 2025
Build Started at: Mon Oct 13 05:30:22 2025
Building: 2.0.14
Build Completed at: Mon Oct 13 05:31:50 2025
Build Started at: Mon Oct 13 05:31:50 2025
Building: 2.0.15
Build Completed at: Mon Oct 13 05:33:23 2025
Build Started at: Mon Oct 13 05:33:23 2025
Building: 2.0.16
Build Completed at: Mon Oct 13 05:34:49 2025
Build Started at: Mon Oct 13 05:34:49 2025
Building: 2.0.17
Build Completed at: Mon Oct 13 05:36:18 2025
Build Started at: Mon Oct 13 05:36:18 2025
Building: 2.0.18
Build Completed at: Mon Oct 13 05:37:55 2025
Build Started at: Mon Oct 13 05:37:55 2025
Building: 2.0.19
Build Completed at: Mon Oct 13 05:39:24 2025
Build Started at: Mon Oct 13 05:39:24 2025
Building: 2.0.20
Build Completed at: Mon Oct 13 05:40:56 2025
Build Started at: Mon Oct 13 05:40:56 2025
Building: 2.0.21
Build Completed at: Mon Oct 13 05:42:43 2025
Build Started at: Mon Oct 13 05:42:43 2025
Building: 2.0.22
Build Completed at: Mon Oct 13 05:44:13 2025
Build Started at: Mon Oct 13 05:44:13 2025
Building: 2.0.23
Build Completed at: Mon Oct 13 05:45:44 2025
Build Started at: Mon Oct 13 05:45:44 2025
Building: 2.0.24
Build Completed at: Mon Oct 13 05:47:15 2025
Build Started at: Mon Oct 13 05:47:15 2025
Building: 2.0.25
Build Completed at: Mon Oct 13 05:48:45 2025
Build Started at: Mon Oct 13 05:48:45 2025
Building: 2.0.26
Build Completed at: Mon Oct 13 05:50:18 2025
Build Started at: Mon Oct 13 05:50:18 2025
Building: 2.0.27
Build Completed at: Mon Oct 13 05:51:47 2025
Build Started at: Mon Oct 13 05:51:47 2025
Building: 2.0.28
Build Completed at: Mon Oct 13 05:53:15 2025
Build Started at: Mon Oct 13 05:53:15 2025
Building: 2.0.29
Build Completed at: Mon Oct 13 05:54:43 2025
Build Started at: Mon Oct 13 05:54:43 2025
Building: 2.0.30
Build Completed at: Mon Oct 13 05:56:13 2025
Build Started at: Mon Oct 13 05:56:13 2025
Building: 2.0.31
Build Completed at: Mon Oct 13 05:57:42 2025
Build Started at: Mon Oct 13 05:57:42 2025
Building: 2.0.32
Build Completed at: Mon Oct 13 05:59:11 2025
Build Started at: Mon Oct 13 05:59:11 2025
Building: 2.0.33
Build Completed at: Mon Oct 13 06:00:41 2025
Build Started at: Mon Oct 13 06:00:41 2025
Building: 2.0.34
Build Completed at: Mon Oct 13 06:02:09 2025
Build Started at: Mon Oct 13 06:02:09 2025
Building: 2.0.35
Build Completed at: Mon Oct 13 06:03:41 2025
Build Started at: Mon Oct 13 06:03:41 2025
Building: 2.0.36
Build Completed at: Mon Oct 13 06:05:15 2025
Build Started at: Mon Oct 13 06:05:15 2025
Building: 2.0.37
Build Completed at: Mon Oct 13 06:06:42 2025
Build Started at: Mon Oct 13 06:06:42 2025
Building: 2.0.38
Build Completed at: Mon Oct 13 06:08:15 2025
Build Started at: Mon Oct 13 06:08:15 2025
Building: 2.0.39
Build Completed at: Mon Oct 13 06:09:43 2025
Build Started at: Mon Oct 13 06:09:43 2025
Building: 2.0.40
Build Completed at: Mon Oct 13 06:11:19 2025
Build Started at: Mon Oct 13 06:11:19 2025
Building: 2.0.41
Build Completed at: Mon Oct 13 06:12:51 2025
Build Started at: Mon Oct 13 06:12:51 2025
Building: 2.0.42
Build Completed at: Mon Oct 13 06:14:20 2025
Build Started at: Mon Oct 13 06:14:20 2025
Building: 2.0.43
Build Completed at: Mon Oct 13 06:15:59 2025
Build Started at: Mon Oct 13 06:15:59 2025
Building: 2.0.44
Build Started at: Mon Oct 13 06:23:00 2025
Building: 2.0.44
Build Completed at: Mon Oct 13 06:24:57 2025
Build Started at: Mon Oct 13 06:24:57 2025
Building: 2.0.45
Build Completed at: Mon Oct 13 06:26:32 2025
Build Started at: Mon Oct 13 06:26:32 2025
Building: 2.0.46
Build Completed at: Mon Oct 13 06:29:16 2025
Build Started at: Mon Oct 13 06:29:16 2025
Building: 2.0.47
Build Completed at: Mon Oct 13 06:30:53 2025
Build Started at: Mon Oct 13 06:30:53 2025
Building: 2.0.48
Build Completed at: Mon Oct 13 06:32:49 2025
Build Started at: Mon Oct 13 06:32:49 2025
Building: 2.0.49
Build Completed at: Mon Oct 13 06:34:18 2025
Build Started at: Mon Oct 13 06:34:18 2025
Building: 2.0.50
Build Completed at: Mon Oct 13 06:36:58 2025
Build Started at: Mon Oct 13 06:36:58 2025
Building: 2.0.51
Build Completed at: Mon Oct 13 06:39:21 2025
Build Started at: Mon Oct 13 06:39:21 2025
Building: 2.0.52
Build Completed at: Mon Oct 13 06:40:58 2025
Build Started at: Mon Oct 13 06:40:58 2025
Building: 2.0.53
Build Completed at: Mon Oct 13 06:42:55 2025
Build Started at: Mon Oct 13 06:42:55 2025
Building: 2.0.54
Build Completed at: Mon Oct 13 06:44:26 2025
Build Started at: Sun Oct 19 07:42:59 2025
Building: 2.0.57
Build Completed at: Sun Oct 19 07:46:06 2025
Build Started at: Fri Oct 24 17:30:17 2025
Building: 2.0.58
Build Completed at: Fri Oct 24 17:32:37 2025
Build Started at: Mon Nov 17 23:30:43 2025
Building: 2.0.59
Build Completed at: Mon Nov 17 23:34:38 2025
Build Started at: Wed Nov 26 01:35:47 2025
Building: 2.0.60
Build Completed at: Wed Nov 26 01:38:29 2025
Build Started at: Wed Nov 26 03:22:09 2025
Building: 2.0.60
Build Completed at: Wed Nov 26 03:24:47 2025
Build Started at: Fri Nov 28 00:43:44 2025
Building: 2.0.61
Build Completed at: Fri Nov 28 00:46:44 2025
Build Started at: Thu Jan 15 16:33:47 2026
Building: 2.0.65
Build Completed at: Thu Jan 15 16:38:33 2026
Build Started at: Thu Jan 15 16:38:33 2026
Building: 2.0.66
Build Completed at: Thu Jan 15 16:41:42 2026
Build Started at: Thu Jan 15 16:41:42 2026
Building: 2.0.67
Build Completed at: Thu Jan 15 16:48:40 2026
Build Started at: Mon Jan 26 16:54:01 2026
Building: 2.0.68
Build Completed at: Mon Jan 26 16:58:15 2026
Build Started at: Mon Jan 26 16:58:15 2026
Building: 2.0.69
Build Completed at: Mon Jan 26 17:01:52 2026
Build Started at: Fri Feb 13 21:07:29 2026
Building: 2.0.70
Build Started at: Fri Feb 13 21:11:01 2026
Building: 2.0.71
Build Completed at: Fri Feb 13 21:13:38 2026
Build Started at: Fri Feb 13 21:13:38 2026
Building: 2.0.72
Build Completed at: Fri Feb 13 21:15:57 2026
Build Started at: Mon Feb 16 23:25:25 2026
Building: 2.0.70
Build Started at: Mon Feb 16 23:26:00 2026
Building: 2.0.71
Build Started at: Mon Feb 16 23:26:05 2026
Building: 2.0.72
Build Started at: Mon Feb 16 23:46:47 2026
Building: 2.0.70
Build Started at: Mon Feb 16 23:47:40 2026
Building: 2.0.71
Build Started at: Mon Feb 16 23:47:41 2026
Building: 2.0.72
Build Started at: Mon Feb 16 23:49:18 2026
Building: 2.0.70
Build Started at: Mon Feb 16 23:51:30 2026
Building: 2.0.71
Build Completed at: Mon Feb 16 23:52:53 2026
Build Started at: Mon Feb 16 23:52:53 2026
Building: 2.0.72
Build Completed at: Mon Feb 16 23:54:18 2026
Build Started at: Tue Feb 17 02:17:42 2026
Building: 2.0.70
Build Completed at: Tue Feb 17 02:20:06 2026
Build Started at: Tue Feb 17 02:20:06 2026
Building: 2.0.71
Build Completed at: Tue Feb 17 02:22:27 2026
Build Started at: Tue Feb 17 02:22:27 2026
Building: 2.0.72
Build Completed at: Tue Feb 17 02:24:43 2026
Build Started at: Tue Feb 17 02:55:27 2026
Building: 2.0.70
Build Completed at: Tue Feb 17 02:57:14 2026
Build Started at: Tue Feb 17 02:57:14 2026
Building: 2.0.71
Build Completed at: Tue Feb 17 02:58:34 2026
Build Started at: Tue Feb 17 02:58:34 2026
Building: 2.0.72
Build Completed at: Tue Feb 17 03:00:52 2026
Build Started at: Tue Feb 17 03:42:48 2026
Building: 2.0.70
Build Completed at: Tue Feb 17 03:44:57 2026
Build Started at: Tue Feb 17 03:44:57 2026
Building: 2.0.71
Build Completed at: Tue Feb 17 03:47:31 2026
Build Started at: Tue Feb 17 03:47:31 2026
Building: 2.0.72
Build Started at: Tue Feb 17 16:39:35 2026
Building: 2.0.70
Build Completed at: Tue Feb 17 16:42:20 2026
Build Started at: Tue Feb 17 16:42:20 2026
Building: 2.0.71
Build Completed at: Tue Feb 17 16:45:16 2026
Build Started at: Tue Feb 17 16:45:16 2026
Building: 2.0.72
Build Completed at: Tue Feb 17 16:48:21 2026
Build Started at: Sat Mar  7 20:35:39 2026
Building: 2.0.73
Build Completed at: Sat Mar  7 20:38:22 2026
Build Started at: Sat Mar  7 20:38:22 2026
Building: 2.0.74
Build Completed at: Sat Mar  7 20:40:41 2026
Build Started at: Sat Mar  7 20:40:41 2026
Building: 2.0.75
Build Completed at: Sat Mar  7 20:42:47 2026
